c:\users\remi_\desktop\remi\prog\nes\nesremu\nesremu\nesremu\x64\debug\vc140.pdb
c:\users\remi_\desktop\remi\prog\nes\nesremu\nesremu\nesremu\x64\debug\vc140.idb
c:\users\remi_\desktop\remi\prog\nes\nesremu\nesremu\nesremu\x64\debug\main.obj
c:\users\remi_\desktop\remi\prog\nes\nesremu\nesremu\nesremu\x64\debug\nesapu.obj
c:\users\remi_\desktop\remi\prog\nes\nesremu\nesremu\nesremu\x64\debug\nesbus.obj
c:\users\remi_\desktop\remi\prog\nes\nesremu\nesremu\nesremu\x64\debug\nescontroller.obj
c:\users\remi_\desktop\remi\prog\nes\nesremu\nesremu\nesremu\x64\debug\nescpu.obj
c:\users\remi_\desktop\remi\prog\nes\nesremu\nesremu\nesremu\x64\debug\nesemu.obj
c:\users\remi_\desktop\remi\prog\nes\nesremu\nesremu\nesremu\x64\debug\nesppu.obj
c:\users\remi_\desktop\remi\prog\nes\nesremu\nesremu\nesremu\x64\debug\nesram.obj
c:\users\remi_\desktop\remi\prog\nes\nesremu\nesremu\nesremu\x64\debug\nesrom.obj
c:\users\remi_\desktop\remi\prog\nes\nesremu\nesremu\x64\debug\nesremu.ilk
c:\users\remi_\desktop\remi\prog\nes\nesremu\nesremu\x64\debug\nesremu.exe
c:\users\remi_\desktop\remi\prog\nes\nesremu\nesremu\x64\debug\nesremu.pdb
c:\users\remi_\desktop\remi\prog\nes\nesremu\nesremu\nesremu\x64\debug\nesremu.tlog\cl.command.1.tlog
c:\users\remi_\desktop\remi\prog\nes\nesremu\nesremu\nesremu\x64\debug\nesremu.tlog\cl.read.1.tlog
c:\users\remi_\desktop\remi\prog\nes\nesremu\nesremu\nesremu\x64\debug\nesremu.tlog\cl.write.1.tlog
c:\users\remi_\desktop\remi\prog\nes\nesremu\nesremu\nesremu\x64\debug\nesremu.tlog\link.command.1.tlog
c:\users\remi_\desktop\remi\prog\nes\nesremu\nesremu\nesremu\x64\debug\nesremu.tlog\link.read.1.tlog
c:\users\remi_\desktop\remi\prog\nes\nesremu\nesremu\nesremu\x64\debug\nesremu.tlog\link.write.1.tlog
